(((((((((((((((((((((((((((((((((((((((((Av_ABG38196:0.0111900,Av_ABD92952:
0.0073980)Av:0.0079870,Av_ABC48790:0.0047360)Av:0.0005070,Av_ABF50829:0.0066720)
Av:0.0030660,(Av_BAE48328:0.0224560,Av_BAE48319:0.0124080)Av:0.0039490)
Av:0.0049240,Av_ABB17274:0.0160040)Av:0.0000000,(Av_ABF50828:0.0201340,
Av_AAZ14139:0.0079490)Av:0.0000000)Av:0.0013190,Av_ABH85397:0.0066340)Av:
0.0000000,Av_ABD32121:0.0200900)Av:0.0119510,Av_ABC66451:0.0013170)Av:0.0000000,
Av_ABC66491:0.0092870)Av:0.0052130,((Av_ABK13789:0.0380040,Av_ABC66474:
0.0122770)Av:0.0008840,Av_ABJ96580:0.0226930)Av:0.0067810)Av:0.0083150,
Av_AAT73579:0.0159150)Av:0.0071690,Av_ABJ96615:0.0295350)Av:0.0074150,(
((((((Av_ABF01683:0.0078930,Av_ABC66511:0.0039520)Av:0.0030310,Av_ABI36019:
0.0249670)Av:0.0066170,Av_ABC66508:0.0164040)Av:0.0087680,Av_ABF01673:0.0348650)
Av:0.0000000,Av_AAT73536:0.0039240)Av:0.0000000,(Av_ABF01677:0.0198580,
Av_AAT73538:0.0000000)Av:0.0039140)Av:0.0146240,((Av_ABC66473:0.0212170,
Av_AAW59395:0.0199940)Av:0.0052350,Av_AAR99633:0.0039760)Av:0.0078580)Av:
0.0119490)Av:0.0000000,((((((((Av_ABJ96507:0.0145290,Av_ABJ96553:0.0118620)
Av:0.0000000,Av_ABJ96552:0.0091840)Av:0.0000000,Av_ABJ96547:0.0171570)Av:
0.0078910,Av_ABC66486:0.0079270)Av:0.0067220,Av_ABJ96623:0.0852130)Av:0.0026590,
Av_AAW59387:0.0158720)Av:0.0036210,Av_ABJ96611:0.0397570)Av:0.0135320,(
((((Av_ABK34762:0.0413030,Av_ABC74411:0.0133350)Av:0.0161200,Av_ABJ96522:
0.0145170)Av:0.0012580,Av_ABJ96574:0.0238370)Av:0.0013630,Av_AAT76157:0.0171310)
Av:0.0026370,(Av_AAT37560:0.0174090,Av_AAV97607:0.0093330)Av:0.0011850)
Av:0.0039040)Av:0.0000000)Av:0.0026140,(((Av_ABK13788:0.0267270,Av_ABD91845:
0.0133750)Av:0.0027670,(Av_ABJ51705:0.0132180,Av_ABJ16949:0.0038560)Av:
0.0117700)Av:0.0065250,Av_ABI98909:0.0197570)Av:0.0082400)Av:0.0000000,
Av_AAW59405:0.0198760)Av:0.0027450,Av_AAT90829:0.0064510)Av:0.0037870,Av_ABC66490:
0.0227860)Av:0.0068630,Av_AAT12011:0.0172090)Av:0.0000000,(Av_AAL31431:
0.0105500,Av_AAL31435:0.0092090)Av:0.0013140)Av:0.0000000,(Av_AAT12005:
0.0107360,Av_AAO46864:0.0283760)Av:0.0011280)Av:0.0026260,(Av_ABI98937:
0.0341530,Av_ABJ52573:0.0579690)Av:0.0396570)Av:0.0000000,((Av_ABJ09510:
0.0239780,Av_AAT12008:0.0151970)Av:0.0077150,Av_AAT12003:0.0144330)Av:0.0123970)
Av:0.0034050,Av_AAO46866:0.0179540)Av:0.0063250,((((((((((((Av_ABK59030:
0.0170990,Av_ABE28410:0.0105120)Av:0.0012090,Av_AAY52755:0.0078050)Av:0.0000000,
Av_AAY52765:0.0130910)Av:0.0038620,Av_AAQ04938:0.0144460)Av:0.0077180,Av_ABB90213:
0.0309880)Av:0.0178490,(((Av_AAY52769:0.0025040,Av_AAY52745:0.0198560)Av:
0.0214170,Av_BAF46424:0.0077640)Av:0.0173350,Av_AAY52766:0.0311290)Av:0.0113980)
Av:0.0066930,Av_BAF46474:0.0416510)Av:0.0285780,((Av_AAY52747:0.0531900,
Av_AAY52746:0.0125910)Av:0.0024000,(Av_AAY52759:0.0378530,Av_AAY52749:0.0120650)
Av:0.0154480)Av:0.0040410)Av:0.0369760,Av_AAY52761:0.0496250)Av:0.0898090,
Av_ABF56620:0.0115840)Av:0.0949190,(((((((Av_BAF46494:0.0349350,Av_AAY52751:
0.0263000)Av:0.0021520,Av_AAT12017:0.0286830)Av:0.0224540,Av_AAY52768:0.0392740)
Av:0.0013700,Av_AAP04505:0.0173660)Av:0.0025030,(((Av_BAF46444:0.0184760,
Av_AAY52757:0.0056280)Av:0.0065750,Av_BAF46464:0.0164240)Av:0.0202720,(
Av_ABG27050:0.0093370,Av_ABG27055:0.0052910)Av:0.0107440)Av:0.0053420)Av:
0.0602980,((Av_BAF46454:0.0317460,Av_ABB90224:0.0220880)Av:0.0131740,Av_ABB90192:
0.0192380)Av:0.0152060)Av:0.0452070,Av_ABI94746:0.0306940)Av:0.0413920)
Av:0.0057610,(Av_ABI96708:0.1292990,Av_AAX53569:0.0563370)Av:0.0313670)
Av:0.0065180)Av:0.0171140,(((Av_ABD35802:0.0416660,Av_ABF22672:0.0557530)
Av:0.0142630,Av_AAT12009:0.0510910)Av:0.0145930,Av_ABI97343:0.0871630)Av:
0.0086950)Av:0.0223090,((((Av_ABC74412:0.0092730,Av_AAT12001:0.0052610)
Av:0.0080190,Av_AAT12014:0.0053060)Av:0.0021230,Av_AAW72228:0.0137710)Av:
0.0863140,Av_AAQ04929:0.0311260)Av:0.0221180)Av:0.0103420,(((((((((Av_ABD35801:
0.0206870,Av_ABD35803:0.0159860)Av:0.0185570,(Av_ABD35808:0.0060090,Av_ABD35806:
0.0311960)Av:0.0419160)Av:0.0206950,(Av_ABD35793:0.0293210,Av_ABD35786:
0.0194170)Av:0.0000000)Av:0.0522540,(Av_ABD35778:0.0175690,Av_ABD35777:
0.0108820)Av:0.0020660)Av:0.0015700,((Av_ABD35781:0.0134160,Av_AAG09038:
0.0167120)Av:0.0128440,Av_ABD35779:0.0184200)Av:0.0212800)Av:0.0141090,
((((((Av_ABD35800:0.0163810,Av_ABD35809:0.0375090)Av:0.0050150,Av_ABD35795:
0.0230600)Av:0.0040690,Av_ABD35797:0.0066670)Av:0.0000000,Av_ABD35790:0.0093370)
Av:0.0053220,Av_ABD35796:0.0107670)Av:0.0093910,((Av_ABD35794:0.0215750,
Av_ABD35799:0.0423310)Av:0.0000000,Av_ABD35787:0.0188890)Av:0.0136580)Av:
0.0462870)Av:0.0304980,Av_ABH03494:0.0725530)Av:0.0088030,((((((Av_ABJ51683:
0.0146290,Av_ABC66472:0.0173920)Av:0.0038980,Av_ABC66460:0.0160120)Av:0.0000000,
Av_ABC66458:0.0092620)Av:0.0185600,(Av_ABJ96513:0.0332110,Av_ABD14794:0.0075840)
Av:0.0194860)Av:0.0094410,Av_AAT12021:0.0104500)Av:0.0799990,((((Av_AAK72397:
0.0119820,Av_AAT12007:0.0079830)Av:0.0000000,Av_AAD51922:0.0368130)Av:0.0089370,
(Av_AAT12006:0.0092760,Av_AAL31426:0.0160490)Av:0.0125120)Av:0.0028320,
Av_AAT12010:0.0429250)Av:0.0150760)Av:0.0195300)Av:0.0231170,Av_ABB88193:
0.0429360)Av:0.0018520)Av:0.0132090,Av_ABB88277:0.0375030)Av:0.0014400,
(Av_ABI85028:0.0820210,Av_ABB88297:0.0320570)Av:0.0233200)Av:0.0033660,
Av_ABB20282:0.0561840)Av:0.0058010,Av_ABB20371:0.0788460)Av:0.0306950,Av_ABI94753:
0.1802960)Av:0.0314400,((Av_ABI85094:0.0369030,Av_AAU00814:0.0761610)Av:
0.0000000,Av_ABB20498:0.0449770)Av:0.0054610)Av:0.0200220,Av_ABI85116:0.0501890)
Av:0.0638340,Av_ABI84544:0.0643450)Av:0.0087390,(((((((((((((((Av_ABF56629:
0.0294970,Av_CAD20321:0.0145490)Av:0.0078410,Av_CAC85077:0.0213460)Av:0.0086860,
((Av_AAY52753:0.0080650,Av_AAY52756:0.0121430)Av:0.0097780,Av_CAC85079:
0.0286950)Av:0.0120180)Av:0.0097800,Av_ABD14793:0.0643170)Av:0.0017420,
((((Av_AAQ04930:0.0205600,Av_AAQ04931:0.0165030)Av:0.0150970,Av_BAB39505:
0.0024560)Av:0.0058190,Av_CAC85074:0.0336110)Av:0.0015390,((Av_AAD49040:
0.0134620,Av_AAD49042:0.0176320)Av:0.0122320,Av_AAY52752:0.0107430)Av:0.0210180)
Av:0.0021210)Av:0.1375650,Av_ABB20175:0.0895300)Av:0.0290560,Av_ABD35805:
0.2082480)Av:0.0514320,(((Av_ABI94763:0.0441650,Av_AAZ29576:0.0095800)Av:
0.0334260,Av_AAU00820:0.0645480)Av:0.0128720,Av_ABB20272:0.0538870)Av:0.0005590)
Av:0.0169550,Av_ABB21761:0.1435100)Av:0.0103310,Av_AAY87429:0.0797120)Av:
0.0101200,((((Av_ABM21934:0.0585130,Av_ABM21933:0.0323020)Av:0.0890180,
Av_ABI85047:0.1521380)Av:0.0757030,Av_AAA43137:0.1033610)Av:0.0357580,(
(Av_ABI85162:0.1427550,Av_ABG88888:0.0327770)Av:0.0136730,Av_ABI85057:0.0211900)
Av:0.0460500)Av:0.0103130)Av:0.0053170,(((((((((Av_CAF04463:0.0443740,Av_ABB83600:
0.0224340)Av:0.0046760,Av_ABB83590:0.0624060)Av:0.0038280,Av_CAF33010:0.0565630)
Av:0.0099980,Av_ABD35807:0.0614440)Av:0.0011790,Av_ABH03486:0.0757870)Av:
0.0029110,(Av_BAE07152:0.0142850,Av_ABJ96617:0.0544260)Av:0.0385650)Av:
0.0096650,(Av_ABJ90244:0.0093130,Av_ABI84498:0.0079360)Av:0.0397060)Av:
0.0075070,(Av_ABK32093:0.0557730,Av_BAF41911:0.0206570)Av:0.0559550)Av:
0.0454620,(Av_ABI85171:0.0517270,Av_ABB20482:0.0236210)Av:0.0066220)Av:
0.0752800)Av:0.0743390,(Av_ABI85127:0.1472910,Av_ABB20304:0.0739250)Av:
0.0830570)Av:0.0052020,(((((((Av_ABI84722:0.0526110,Av_ABB19830:0.0120190)
Av:0.0396500,Av_ABB86521:0.0335360)Av:0.0738410,Av_AAA43123:0.0137120)Av:
0.0027030,Av_ABB21771:0.0435670)Av:0.0208420,((Av_BAF38379:0.1112510,Av_ABB87344:
0.1790250)Av:0.0709400,Av_AAA43122:0.0139060)Av:0.0225460)Av:0.1262910,
Av_ABI85214:0.0997740)Av:0.0469150,Av_ABB88378:0.0759810)Av:0.0109340)Av:
0.0945470,((((((((Av_AAZ29574:0.0501650,Av_ABI96728:0.0185980)Av:0.0699930,
Av_ABI84464:0.0282700)Av:0.0169230,Av_ABB20293:0.0193470)Av:0.0129260,(
Av_ABB20239:0.0244900,Av_ABB20313:0.0283770)Av:0.0341440)Av:0.0024400,Av_ABD35774:
0.0362810)Av:0.0051620,(((Av_ABB20361:0.0237300,Av_ABB88341:0.0097880)Av:
0.0400350,Av_ABB88137:0.0967970)Av:0.0335080,(Av_ABB20386:0.0800010,Av_ABB20443:
0.0208060)Av:0.0357220)Av:0.0399910)Av:0.0443800,Av_ABI84980:0.0571050)
Av:0.0356130,Av_ABB90230:0.0514980)Av:0.0468220)Av:0.0092440)Av:0.0371080,
(Av_ABI84485:0.2626330,Av_ABB20456:0.2351210)Av:0.1080390)Av:0.0971030,
((Av_ABI84989:0.0164580,Av_AAA43654:0.0131670)Av:0.1397430,(Av_ABI85067:
0.0013980,Av_AAA43651:0.0064850)Av:0.1344150)Av:0.0325420)Av:0.1582600,
((((((((((((((((((((((Av_ABI84848:0.0201630,Av_ABI84837:0.0053160)Av:0.0369140,
Av_ABB19754:0.0241850)Av:0.0029120,(Av_AAX47278:0.0547470,Av_ABL67142:0.0408360)
Av:0.0171590)Av:0.0000000,Av_ABB18035:0.0361110)Av:0.0198420,((((Av_ABB90239:
0.0532210,Av_ABI85137:0.0219920)Av:0.0607410,Av_ABI84754:0.0496140)Av:0.0024810,
Av_ABI85193:0.0403790)Av:0.0027720,Av_BAF37959:0.2074650)Av:0.0148980)Av:
0.0342570,((Av_ABI84765:0.0115330,Av_AAM69974:0.0446490)Av:0.0113590,Av_AAX47277:
0.1118100)Av:0.0414760)Av:0.0169800,(Av_ABB87843:0.0362930,Av_ABB20151:
0.0637740)Av:0.0189290)Av:0.0417890,((((((((Av_ABB88098:0.1342420,Av_ABB19491:
0.0342100)Av:0.0315720,Av_ABI92257:0.0216730)Av:0.0061610,Av_ABJ16575:0.0427340)
Av:0.0210920,Av_AAO65605:0.0836710)Av:0.0103480,(Av_ABI30366:0.0110860,
Av_ABB19965:0.0470250)Av:0.0254790)Av:0.0253370,Av_ABB19846:0.0229280)Av:
0.0309140,Av_ABI92235:0.0462490)Av:0.0118090,Av_ABB87636:0.0529840)Av:0.0068340)
Av:0.0240820,Av_ABB20095:0.1766610)Av:0.0126010,Av_ABB87560:0.0457480)Av:
0.0270820,((Av_ABB21813:0.0422610,Av_ABI84625:0.0454570)Av:0.0000000,Av_ABB19082:
0.0356520)Av:0.0124590)Av:0.0014020,Av_ABB19472:0.0456550)Av:0.0012360,
(((((((((((Av_ABB88054:0.0321520,Av_ABB19877:0.0230200)Av:0.0326150,Av_ABB19381:
0.0419810)Av:0.0030260,(Av_ABB19866:0.0297450,Av_AAT69356:0.0564170)Av:
0.0253830)Av:0.0027740,(((Av_ABB18090:0.0469550,Av_ABB19429:0.0237910)Av:
0.0198800,Av_ABL67241:0.0306250)Av:0.0246880,Av_AAY87440:0.1115140)Av:0.0132950)
Av:0.0190170,((((Av_ABI92268:0.0150990,Av_ABI92279:0.0146780)Av:0.0312870,
(Av_ABL67164:0.0391090,Av_ABB19414:0.0626090)Av:0.0267140)Av:0.0188770,
Av_AAM69964:0.0730080)Av:0.0393470,(Av_ABI85182:0.0517980,Av_ABB19896:0.0739000)
Av:0.0261930)Av:0.0035910)Av:0.0071560,Av_ABB87666:0.0334020)Av:0.0228020,
((Av_ABB87625:0.0221860,Av_ABB87450:0.0207540)Av:0.0034190,Av_ABB88065:
0.0186820)Av:0.0378210)Av:0.0183270,Av_ABB19539:0.0229950)Av:0.0010750,
((Av_ABB19392:0.0678130,Av_ABB19205:0.0134840)Av:0.0250190,Av_ABB21793:
0.0379930)Av:0.0049490)Av:0.0062680,Av_ABI95161:0.0850950)Av:0.0085280,
(Av_ABB21803:0.0619330,Av_ABB19194:0.0526750)Av:0.0112880)Av:0.0031220)
Av:0.0053160,Av_ABB86795:0.0441580)Av:0.0313940,((Av_ABB20020:0.0258100,
Av_ABB19703:0.0241010)Av:0.0143650,Av_ABB87739:0.0361300)Av:0.0411730)Av:
0.0036100,(((Av_ABB19793:0.0451800,Av_ABB19117:0.0220810)Av:0.0163830,Av_ABB87966:
0.0375650)Av:0.0104760,(Av_ABB19774:0.0281540,Av_ABB19528:0.0212080)Av:
0.0371030)Av:0.0410430)Av:0.0025800,(((((((Av_ABB20059:0.0219490,Av_ABB18139:
0.0067210)Av:0.0145210,Av_ABI97497:0.0168150)Av:0.0042050,(Av_ABI84826:
0.0122570,Av_ABB19595:0.0080250)Av:0.0099550)Av:0.0208430,((Av_ABI84865:
0.0084860,Av_ABI95205:0.0484650)Av:0.0106090,Av_ABB17713:0.0121770)Av:0.0019700)
Av:0.0319630,Av_AAA43134:0.0249650)Av:0.0033020,((((((Av_ABI84775:0.0238650,
Av_ABI84854:0.0832920)Av:0.0557420,Av_ABG88277:0.0190500)Av:0.0017610,Av_ABI84704:
0.0227680)Av:0.0076670,(Av_ABL67153:0.0221280,Av_ABB19370:0.0275950)Av:
0.0038890)Av:0.0617340,Av_ABB87832:0.0826470)Av:0.0200310,Av_ABI84657:0.0306910)
Av:0.0215180)Av:0.0432020,Av_ABB86806:0.0702830)Av:0.0164730)Av:0.0106960,
Av_ABI84533:0.0553930)Av:0.0773320,(Av_ABI85105:0.1208500,Av_ABI84926:0.0892690)
Av:0.0909540)Av:0.0133260,Av_ABI84565:0.1045540)Av:0.0308590,((Av_ABB20529:
0.0576100,Av_ABI85145:0.0571530)Av:0.0092430,(Av_ABB17746:0.0410340,Av_ABB87259:
0.0562250)Av:0.1307830)Av:0.0803120)Av:0.0987070,((((((((((((((((((((((
((((((((((((((Hu_ABI92994:0.0108170,Hu_ABB03100:0.0095020)Hu:0.0099030,
(Hu_ABD59808:0.0193050,Hu_ABD59815:0.0727550)Hu:0.0078720)Hu:0.0048650,
Hu_ABN51020:0.0248890)Hu:0.0285670,Hu_AAY64201:0.0108900)Hu:0.0000000,(
(((Hu_ABD78059:0.0136990,Hu_AAY59044:0.0040380)Hu:0.0068630,Hu_AAY98236:
0.0123290)Hu:0.0013080,Hu_AAZ43415:0.0177900)Hu:0.0000000,(Hu_AAZ83322:
0.0081490,Hu_ABB02957:0.0122720)Hu:0.0000000)Hu:0.0000000)Hu:0.0000000,
(((Hu_ABB03045:0.0124340,Hu_AAK18015:0.0378080)Hu:0.0067830,Hu_ABD79166:
0.0248900)Hu:0.0012450,Hu_ABC67586:0.0067900)Hu:0.0013580)Hu:0.0041410,
((((Hu_ABD59810:0.0068170,Hu_ABD59809:0.0027230)Hu:0.0081860,Hu_AAY28414:
0.0068130)Hu:0.0000000,(Hu_AAX11494:0.0082370,Hu_AAX11484:0.0067840)Hu:
0.0165320)Hu:0.0081560,Hu_AAX76752:0.0152890)Hu:0.0180580)Hu:0.0478020,
((Hu_ABD77839:0.0152520,Hu_AAM78511:0.0138280)Hu:0.0266880,Hu_ABG37163:
0.0393240)Hu:0.0139590)Hu:0.0116810,Hu_AAA43131:0.0154600)Hu:0.0149590,
Hu_ABB04315:0.0228590)Hu:0.0151080,Hu_AAK18016:0.0644550)Hu:0.0094080,Hu_ABB04293:
0.0158380)Hu:0.0073930,(Hu_ABN50766:0.0053750,Hu_AAA43653:0.0108760)Hu:
0.0136680)Hu:0.0082440,Hu_ABC67871:0.0207180)Hu:0.0135640,Hu_ABB04304:0.0202700)
Hu:0.0000000,Hu_ABC40554:0.0121020)Hu:0.0027500,(Hu_AAO46506:0.0032130,
Hu_AAA43594:0.0146770)Hu:0.0035130)Hu:0.0139690,Hu_AAO46501:0.0090630)Hu:
0.0122290,Hu_AAA43595:0.0207690)Hu:0.0218660,Hu_AAO46266:0.0229390)Hu:0.0013590,
(Hu_AAO46265:0.0136070,Hu_ABB54524:0.0289380)Hu:0.0090680)Hu:0.0042350,
Hu_AAO46259:0.0040730)Hu:0.0150130,Hu_AAO46257:0.0124800)Hu:0.0596810,Hu_AAO46253:
0.0162290)Hu:0.0024290,(Hu_AAO46251:0.0052830,Hu_AAO46252:0.0066120)Hu:
0.0013210)Hu:0.0000000,Hu_AAA43648:0.0187900)Hu:0.0440740,Hu_ABD61745:0.0068450)
Hu:0.0090500,Hu_ABD60976:0.0284160)Hu:0.0218750,Hu_CAA67496:0.0165990)Hu:
0.0006630,Hu_ABI20836:0.0206310)Hu:0.0203680,((((((((((((Hu_ABJ16696:0.0151410,
Hu_ABB02813:0.0025820)Hu:0.0097980,Hu_ABB53750:0.0235680)Hu:0.0023660,Hu_ABC42760:
0.0263810)Hu:0.0102280,Hu_ABD63073:0.0049160)Hu:0.0160130,(Hu_ABD94986:
0.0132690,Hu_ABD95063:0.0264370)Hu:0.0069250)Hu:0.0131750,(Hu_ABD59806:
0.0107670,Hu_AAF99674:0.0080920)Hu:0.0040440)Hu:0.0025970,Hu_ABI93038:0.0054180)
Hu:0.0262180,((Hu_ABB51965:0.0213830,Hu_AAL60435:0.0113870)Hu:0.0064290,
(Hu_ABC86247:0.0307240,Hu_AAF99675:0.0175060)Hu:0.0193810)Hu:0.0205120)
Hu:0.0623400,Hu_ABI30388:0.0212640)Hu:0.0026380,(Hu_ABM22256:0.0124450,
Hu_ABF21232:0.0038120)Hu:0.0418840)Hu:0.0015610,((Hu_ABG88343:0.0081270,
Hu_ABG88354:0.0039670)Hu:0.0150040,Hu_ABI92312:0.0178700)Hu:0.0187600)Hu:
0.0375590,Hu_ABN59444:0.0012850)Hu:0.0491520)Hu:0.0162850,Hu_ABD79111:0.0389700)
Hu:0.0005480,Hu_ABD62852:0.0195030)Hu:0.0481370,(Hu_CAA23855:0.0118780,
Hu_AAM75155:0.0124790)Hu:0.0337590)Hu:0.0095490,((Hu_AAA43611:0.0313270,
Hu_ABD77806:0.0054420)Hu:0.0292770,Hu_ABD62791:0.0278850)Hu:0.0144870)Hu:
0.0768310,Hu_ABA55038:0.0377380)Hu:0.1610970)Av_HS:0.1786490,Av_ABF69265:
0.6970890);
