(((((((((((((((((((((((((((((((((((((((((Av_ABG38196:0.0105160,Av_ABD92952:
0.0078470)Av:0.0078840,Av_ABC48790:0.0052080)Av:0.0000000,Av_ABF50829:0.0065600)
Av:0.0030020,(Av_BAE48328:0.0221770,Av_BAE48319:0.0122550)Av:0.0038950)
Av:0.0048570,Av_ABB17274:0.0157770)Av:0.0000000,(Av_ABF50828:0.0197840,
Av_AAZ14139:0.0078470)Av:0.0000000)Av:0.0013010,Av_ABH85397:0.0065290)Av:
0.0000000,Av_ABD32121:0.0198120)Av:0.0117810,Av_ABC66451:0.0012990)Av:0.0000000,
Av_ABC66491:0.0091600)Av:0.0051070,((Av_ABK13789:0.0376410,Av_ABC66474:
0.0120710)Av:0.0009100,Av_ABJ96580:0.0225160)Av:0.0066890)Av:0.0081680,
Av_AAT73579:0.0157240)Av:0.0071720,Av_ABJ96615:0.0292450)Av:0.0073240,(
((((((Av_ABF01683:0.0078130,Av_ABC66511:0.0039020)Av:0.0028310,Av_ABI36019:
0.0248360)Av:0.0065810,Av_ABC66508:0.0161970)Av:0.0088710,Av_ABF01673:0.0346900)
Av:0.0000000,Av_AAT73536:0.0038930)Av:0.0000000,(Av_ABF01677:0.0196990,
Av_AAT73538:0.0000000)Av:0.0038920)Av:0.0145490,((Av_ABC66473:0.0211120,
Av_AAW59395:0.0199730)Av:0.0051620,Av_AAR99633:0.0039330)Av:0.0078080)Av:
0.0118670)Av:0.0000000,((((((((Av_ABJ96507:0.0143400,Av_ABJ96553:0.0116980)
Av:0.0000000,Av_ABJ96552:0.0090800)Av:0.0000000,Av_ABJ96547:0.0169280)Av:
0.0077990,Av_ABC66486:0.0078010)Av:0.0066440,Av_ABJ96623:0.0836490)Av:0.0026270,
Av_AAW59387:0.0156600)Av:0.0035900,Av_ABJ96611:0.0390700)Av:0.0133830,(
((((Av_ABK34762:0.0406450,Av_ABC74411:0.0131050)Av:0.0160460,Av_ABJ96522:
0.0144290)Av:0.0012610,Av_ABJ96574:0.0237050)Av:0.0013640,Av_AAT76157:0.0169960)
Av:0.0026120,(Av_AAT37560:0.0171850,Av_AAV97607:0.0092040)Av:0.0012220)
Av:0.0038710)Av:0.0000000)Av:0.0025920,(((Av_ABK13788:0.0265630,Av_ABD91845:
0.0132980)Av:0.0026930,(Av_ABJ51705:0.0131410,Av_ABJ16949:0.0038400)Av:
0.0116820)Av:0.0064800,Av_ABI98909:0.0196680)Av:0.0081580)Av:0.0000000,
Av_AAW59405:0.0196980)Av:0.0027860,Av_AAT90829:0.0063250)Av:0.0037950,Av_ABC66490:
0.0223420)Av:0.0068040,Av_AAT12011:0.0170390)Av:0.0000000,(Av_AAL31431:
0.0104450,Av_AAL31435:0.0091130)Av:0.0013000)Av:0.0000000,(Av_AAT12005:
0.0106760,Av_AAO46864:0.0280590)Av:0.0010870)Av:0.0025970,(Av_ABI98937:
0.0340020,Av_ABJ52573:0.0578670)Av:0.0390330)Av:0.0000000,((Av_ABJ09510:
0.0233890,Av_AAT12008:0.0150340)Av:0.0076640,Av_AAT12003:0.0140930)Av:0.0123150)
Av:0.0033270,Av_AAO46866:0.0177260)Av:0.0062390,((((((((((((Av_ABK59030:
0.0169790,Av_ABE28410:0.0104530)Av:0.0011910,Av_AAY52755:0.0077500)Av:0.0000000,
Av_AAY52765:0.0129820)Av:0.0038490,Av_AAQ04938:0.0143100)Av:0.0076030,Av_ABB90213:
0.0306910)Av:0.0177170,(((Av_AAY52769:0.0024480,Av_AAY52745:0.0199010)Av:
0.0214500,Av_BAF46424:0.0078460)Av:0.0173080,Av_AAY52766:0.0309550)Av:0.0113050)
Av:0.0066150,Av_BAF46474:0.0417270)Av:0.0282550,((Av_AAY52747:0.0525980,
Av_AAY52746:0.0123040)Av:0.0024420,(Av_AAY52759:0.0376620,Av_AAY52749:0.0118820)
Av:0.0154300)Av:0.0038520)Av:0.0365320,Av_AAY52761:0.0481150)Av:0.0876670,
Av_ABF56620:0.0114120)Av:0.0931760,(((((((Av_BAF46494:0.0341090,Av_AAY52751:
0.0263260)Av:0.0021450,Av_AAT12017:0.0287880)Av:0.0218280,Av_AAY52768:0.0388790)
Av:0.0013310,Av_AAP04505:0.0171550)Av:0.0025150,(((Av_BAF46444:0.0182870,
Av_AAY52757:0.0054400)Av:0.0064910,Av_BAF46464:0.0160350)Av:0.0200540,(
Av_ABG27050:0.0092190,Av_ABG27055:0.0051980)Av:0.0105370)Av:0.0053290)Av:
0.0582570,((Av_BAF46454:0.0309820,Av_ABB90224:0.0225710)Av:0.0131770,Av_ABB90192:
0.0189160)Av:0.0154100)Av:0.0448220,Av_ABI94746:0.0307770)Av:0.0410800)
Av:0.0057060,(Av_ABI96708:0.1259220,Av_AAX53569:0.0549750)Av:0.0312050)
Av:0.0063790)Av:0.0164350,(((Av_ABD35802:0.0411630,Av_ABF22672:0.0549240)
Av:0.0141820,Av_AAT12009:0.0500730)Av:0.0139000,Av_ABI97343:0.0864410)Av:
0.0087990)Av:0.0224650,((((Av_ABC74412:0.0091590,Av_AAT12001:0.0051950)
Av:0.0079140,Av_AAT12014:0.0052260)Av:0.0018630,Av_AAW72228:0.0138730)Av:
0.0848270,Av_AAQ04929:0.0299000)Av:0.0214550)Av:0.0099550,(((((((((Av_ABD35801:
0.0205040,Av_ABD35803:0.0158480)Av:0.0186470,(Av_ABD35808:0.0059770,Av_ABD35806:
0.0305850)Av:0.0408490)Av:0.0201800,(Av_ABD35793:0.0293060,Av_ABD35786:
0.0191440)Av:0.0000000)Av:0.0511520,(Av_ABD35778:0.0172670,Av_ABD35777:
0.0106840)Av:0.0022420)Av:0.0013710,((Av_ABD35781:0.0136060,Av_AAG09038:
0.0162220)Av:0.0124800,Av_ABD35779:0.0183170)Av:0.0205200)Av:0.0141830,
((((((Av_ABD35800:0.0161790,Av_ABD35809:0.0368140)Av:0.0049150,Av_ABD35795:
0.0225830)Av:0.0039980,Av_ABD35797:0.0065350)Av:0.0000000,Av_ABD35790:0.0091720)
Av:0.0052210,Av_ABD35796:0.0105600)Av:0.0091570,((Av_ABD35794:0.0211610,
Av_ABD35799:0.0416020)Av:0.0000000,Av_ABD35787:0.0185070)Av:0.0133640)Av:
0.0447890)Av:0.0295930,Av_ABH03494:0.0709030)Av:0.0084480,((((((Av_ABJ51683:
0.0144820,Av_ABC66472:0.0171770)Av:0.0038340,Av_ABC66460:0.0157590)Av:0.0000000,
Av_ABC66458:0.0091360)Av:0.0181670,(Av_ABJ96513:0.0327240,Av_ABD14794:0.0073820)
Av:0.0190120)Av:0.0093750,Av_AAT12021:0.0103380)Av:0.0777680,((((Av_AAK72397:
0.0117050,Av_AAT12007:0.0078010)Av:0.0000000,Av_AAD51922:0.0358880)Av:0.0089280,
(Av_AAT12006:0.0091230,Av_AAL31426:0.0157110)Av:0.0120010)Av:0.0028770,
Av_AAT12010:0.0415250)Av:0.0145940)Av:0.0190730)Av:0.0231620,Av_ABB88193:
0.0419160)Av:0.0017920)Av:0.0126830,Av_ABB88277:0.0365060)Av:0.0010380,
(Av_ABI85028:0.0810770,Av_ABB88297:0.0317340)Av:0.0233150)Av:0.0035200,
Av_ABB20282:0.0552960)Av:0.0047570,Av_ABB20371:0.0788330)Av:0.0300360,Av_ABI94753:
0.1726140)Av:0.0306730,((Av_ABI85094:0.0369250,Av_AAU00814:0.0746880)Av:
0.0000240,Av_ABB20498:0.0423880)Av:0.0051310)Av:0.0195660,Av_ABI85116:0.0490060)
Av:0.0596120,Av_ABI84544:0.0633630)Av:0.0058300,(((((((((((((((Av_ABF56629:
0.0291960,Av_CAD20321:0.0145280)Av:0.0078390,Av_CAC85077:0.0214870)Av:0.0087910,
((Av_AAY52753:0.0080190,Av_AAY52756:0.0121100)Av:0.0096430,Av_CAC85079:
0.0286310)Av:0.0118620)Av:0.0096510,Av_ABD14793:0.0640830)Av:0.0016890,
((((Av_AAQ04930:0.0203640,Av_AAQ04931:0.0163640)Av:0.0149800,Av_BAB39505:
0.0024820)Av:0.0058310,Av_CAC85074:0.0335090)Av:0.0015040,((Av_AAD49040:
0.0134150,Av_AAD49042:0.0176220)Av:0.0122130,Av_AAY52752:0.0107020)Av:0.0209670)
Av:0.0019930)Av:0.1352240,Av_ABB20175:0.0872040)Av:0.0279940,Av_ABD35805:
0.2044010)Av:0.0507460,(((Av_ABI94763:0.0435050,Av_AAZ29576:0.0097250)Av:
0.0322180,Av_AAU00820:0.0639920)Av:0.0124430,Av_ABB20272:0.0536660)Av:0.0006170)
Av:0.0163180,Av_ABB21761:0.1395400)Av:0.0104030,Av_AAY87429:0.0778100)Av:
0.0108280,((((Av_ABM21934:0.0575840,Av_ABM21933:0.0314000)Av:0.0860640,
Av_ABI85047:0.1480540)Av:0.0705730,Av_AAA43137:0.1016710)Av:0.0363420,(
(Av_ABI85162:0.1370580,Av_ABG88888:0.0323950)Av:0.0135420,Av_ABI85057:0.0208840)
Av:0.0447950)Av:0.0096500)Av:0.0058580,(((((((((Av_CAF04463:0.0433790,Av_ABB83600:
0.0220190)Av:0.0043910,Av_ABB83590:0.0605860)Av:0.0038240,Av_CAF33010:0.0554240)
Av:0.0102820,Av_ABD35807:0.0600170)Av:0.0012860,Av_ABH03486:0.0736780)Av:
0.0028780,(Av_BAE07152:0.0138070,Av_ABJ96617:0.0532920)Av:0.0376390)Av:
0.0097010,(Av_ABJ90244:0.0090970,Av_ABI84498:0.0077730)Av:0.0385640)Av:
0.0075200,(Av_ABK32093:0.0541400,Av_BAF41911:0.0202380)Av:0.0540070)Av:
0.0440250,(Av_ABI85171:0.0509270,Av_ABB20482:0.0234180)Av:0.0071280)Av:
0.0706520)Av:0.0712040,(Av_ABI85127:0.1437560,Av_ABB20304:0.0743630)Av:
0.0814050)Av:0.0048090,(((((((Av_ABI84722:0.0526070,Av_ABB19830:0.0121360)
Av:0.0399660,Av_ABB86521:0.0335220)Av:0.0727490,Av_AAA43123:0.0142130)Av:
0.0026250,Av_ABB21771:0.0429990)Av:0.0198070,((Av_BAF38379:0.1100090,Av_ABB87344:
0.1767470)Av:0.0694890,Av_AAA43122:0.0143370)Av:0.0223600)Av:0.1244470,
Av_ABI85214:0.0977150)Av:0.0453720,Av_ABB88378:0.0759280)Av:0.0089290)Av:
0.0942410,((((((((Av_AAZ29574:0.0488990,Av_ABI96728:0.0185280)Av:0.0680720,
Av_ABI84464:0.0282820)Av:0.0168490,Av_ABB20293:0.0195980)Av:0.0123810,(
Av_ABB20239:0.0241530,Av_ABB20313:0.0279960)Av:0.0338330)Av:0.0026840,Av_ABD35774:
0.0358830)Av:0.0054060,(((Av_ABB20361:0.0236490,Av_ABB88341:0.0098750)Av:
0.0394470,Av_ABB88137:0.0945830)Av:0.0333750,(Av_ABB20386:0.0789190,Av_ABB20443:
0.0212140)Av:0.0355880)Av:0.0404150)Av:0.0444030,Av_ABI84980:0.0557700)
Av:0.0376610,Av_ABB90230:0.0467590)Av:0.0452750)Av:0.0108600)Av:0.0358130,
(Av_ABI84485:0.2622300,Av_ABB20456:0.2316520)Av:0.1013590)Av:0.0883120,
((Av_ABI84989:0.0168790,Av_AAA43654:0.0125410)Av:0.1359220,(Av_ABI85067:
0.0013880,Av_AAA43651:0.0064740)Av:0.1319070)Av:0.0343820)Av:0.1536630,
((((((((((((((((((((((Av_ABI84848:0.0200090,Av_ABI84837:0.0052140)Av:0.0358670,
Av_ABB19754:0.0231510)Av:0.0028960,(Av_AAX47278:0.0539410,Av_ABL67142:0.0405980)
Av:0.0170210)Av:0.0000000,Av_ABB18035:0.0352460)Av:0.0191060,((((Av_ABB90239:
0.0519210,Av_ABI85137:0.0212930)Av:0.0583400,Av_ABI84754:0.0489260)Av:0.0043770,
Av_ABI85193:0.0386250)Av:0.0052110,Av_BAF37959:0.2023530)Av:0.0112500)Av:
0.0333020,((Av_ABI84765:0.0114030,Av_AAM69974:0.0450480)Av:0.0114850,Av_AAX47277:
0.1094420)Av:0.0406610)Av:0.0169960,(Av_ABB87843:0.0358210,Av_ABB20151:
0.0630880)Av:0.0204010)Av:0.0386200,((((((((Av_ABB88098:0.1285220,Av_ABB19491:
0.0341890)Av:0.0306220,Av_ABI92257:0.0207170)Av:0.0060820,Av_ABJ16575:0.0418150)
Av:0.0203290,Av_AAO65605:0.0815980)Av:0.0101150,(Av_ABI30366:0.0110260,
Av_ABB19965:0.0458210)Av:0.0246820)Av:0.0242610,Av_ABB19846:0.0221910)Av:
0.0296770,Av_ABI92235:0.0453280)Av:0.0107420,Av_ABB87636:0.0529090)Av:0.0067130)
Av:0.0224560,Av_ABB20095:0.1699720)Av:0.0123070,Av_ABB87560:0.0441220)Av:
0.0263320,((Av_ABB21813:0.0405320,Av_ABI84625:0.0438900)Av:0.0000000,Av_ABB19082:
0.0344100)Av:0.0125510)Av:0.0013580,Av_ABB19472:0.0442300)Av:0.0012030,
(((((((((((Av_ABB88054:0.0312060,Av_ABB19877:0.0224900)Av:0.0316350,Av_ABB19381:
0.0409020)Av:0.0029720,(Av_ABB19866:0.0288330,Av_AAT69356:0.0543640)Av:
0.0244820)Av:0.0027950,(((Av_ABB18090:0.0456690,Av_ABB19429:0.0236360)Av:
0.0191440,Av_ABL67241:0.0306760)Av:0.0244020,Av_AAY87440:0.1082330)Av:0.0124900)
Av:0.0179780,((((Av_ABI92268:0.0147150,Av_ABI92279:0.0144810)Av:0.0309860,
(Av_ABL67164:0.0384410,Av_ABB19414:0.0609560)Av:0.0258470)Av:0.0183950,
Av_AAM69964:0.0703870)Av:0.0377740,(Av_ABI85182:0.0510020,Av_ABB19896:0.0725280)
Av:0.0252250)Av:0.0033210)Av:0.0071030,Av_ABB87666:0.0322170)Av:0.0216290,
((Av_ABB87625:0.0218740,Av_ABB87450:0.0206030)Av:0.0036500,Av_ABB88065:
0.0178060)Av:0.0363910)Av:0.0177240,Av_ABB19539:0.0225520)Av:0.0010670,
((Av_ABB19392:0.0663470,Av_ABB19205:0.0132920)Av:0.0244260,Av_ABB21793:
0.0367240)Av:0.0048000)Av:0.0063550,Av_ABI95161:0.0824360)Av:0.0077750,
(Av_ABB21803:0.0598860,Av_ABB19194:0.0506740)Av:0.0110430)Av:0.0029790)
Av:0.0052280,Av_ABB86795:0.0428340)Av:0.0298920,((Av_ABB20020:0.0247790,
Av_ABB19703:0.0237300)Av:0.0136830,Av_ABB87739:0.0351620)Av:0.0399080)Av:
0.0041640,(((Av_ABB19793:0.0442010,Av_ABB19117:0.0216600)Av:0.0158740,Av_ABB87966:
0.0372520)Av:0.0104520,(Av_ABB19774:0.0276070,Av_ABB19528:0.0203750)Av:
0.0353620)Av:0.0383630)Av:0.0031330,(((((((Av_ABB20059:0.0215140,Av_ABB18139:
0.0066150)Av:0.0140210,Av_ABI97497:0.0164520)Av:0.0041230,(Av_ABI84826:
0.0119840,Av_ABB19595:0.0078790)Av:0.0097740)Av:0.0202630,((Av_ABI84865:
0.0083210,Av_ABI95205:0.0469030)Av:0.0102810,Av_ABB17713:0.0118500)Av:0.0019060)
Av:0.0309670,Av_AAA43134:0.0241540)Av:0.0034100,((((((Av_ABI84775:0.0235840,
Av_ABI84854:0.0810810)Av:0.0540840,Av_ABG88277:0.0186050)Av:0.0017110,Av_ABI84704:
0.0219970)Av:0.0076400,(Av_ABL67153:0.0213840,Av_ABB19370:0.0270050)Av:
0.0037220)Av:0.0591000,Av_ABB87832:0.0797260)Av:0.0194800,Av_ABI84657:0.0309520)
Av:0.0204060)Av:0.0413910,Av_ABB86806:0.0686220)Av:0.0156170)Av:0.0102700,
Av_ABI84533:0.0538020)Av:0.0755380,(Av_ABI85105:0.1176550,Av_ABI84926:0.0886740)
Av:0.0880610)Av:0.0123280,Av_ABI84565:0.0993930)Av:0.0292930,((Av_ABB20529:
0.0572980,Av_ABI85145:0.0560350)Av:0.0131270,(Av_ABB17746:0.0399170,Av_ABB87259:
0.0555630)Av:0.1201150)Av:0.0761470)Av:0.0945230,((((((((((((((((((((((
((((((((((((((Hu_ABI92994:0.0108340,Hu_ABB03100:0.0095440)Hu:0.0103630,
(Hu_ABD59808:0.0190980,Hu_ABD59815:0.0724170)Hu:0.0074750)Hu:0.0048310,
Hu_ABN51020:0.0244130)Hu:0.0288940,Hu_AAY64201:0.0108310)Hu:0.0000000,(
(((Hu_ABD78059:0.0136510,Hu_AAY59044:0.0040470)Hu:0.0068100,Hu_AAY98236:
0.0122520)Hu:0.0013020,Hu_AAZ43415:0.0176490)Hu:0.0000000,(Hu_AAZ83322:
0.0081060,Hu_ABB02957:0.0122000)Hu:0.0000000)Hu:0.0000000)Hu:0.0000000,
(((Hu_ABB03045:0.0123300,Hu_AAK18015:0.0376560)Hu:0.0067640,Hu_ABD79166:
0.0247220)Hu:0.0012450,Hu_ABC67586:0.0067640)Hu:0.0013500)Hu:0.0041930,
((((Hu_ABD59810:0.0067770,Hu_ABD59809:0.0027080)Hu:0.0081280,Hu_AAY28414:
0.0067610)Hu:0.0000000,(Hu_AAX11494:0.0082130,Hu_AAX11484:0.0067590)Hu:
0.0164250)Hu:0.0081050,Hu_AAX76752:0.0151330)Hu:0.0178550)Hu:0.0478470,
((Hu_ABD77839:0.0149640,Hu_AAM78511:0.0136220)Hu:0.0262600,Hu_ABG37163:
0.0383810)Hu:0.0134760)Hu:0.0107350,Hu_AAA43131:0.0163770)Hu:0.0143660,
Hu_ABB04315:0.0231180)Hu:0.0150740,Hu_AAK18016:0.0626660)Hu:0.0093270,Hu_ABB04293:
0.0163590)Hu:0.0065860,(Hu_ABN50766:0.0052860,Hu_AAA43653:0.0107630)Hu:
0.0135210)Hu:0.0081110,Hu_ABC67871:0.0203260)Hu:0.0134770,Hu_ABB04304:0.0201150)
Hu:0.0000000,Hu_ABC40554:0.0119870)Hu:0.0027160,(Hu_AAO46506:0.0033600,
Hu_AAA43594:0.0145810)Hu:0.0033030)Hu:0.0136730,Hu_AAO46501:0.0091720)Hu:
0.0121120,Hu_AAA43595:0.0204210)Hu:0.0218980,Hu_AAO46266:0.0227820)Hu:0.0013380,
(Hu_AAO46265:0.0135700,Hu_ABB54524:0.0289430)Hu:0.0090110)Hu:0.0042190,
Hu_AAO46259:0.0039930)Hu:0.0147690,Hu_AAO46257:0.0124090)Hu:0.0591380,Hu_AAO46253:
0.0163140)Hu:0.0023680,(Hu_AAO46251:0.0052910,Hu_AAO46252:0.0066050)Hu:
0.0013190)Hu:0.0000000,Hu_AAA43648:0.0187380)Hu:0.0437570,Hu_ABD61745:0.0070620)
Hu:0.0089990,Hu_ABD60976:0.0281350)Hu:0.0217490,Hu_CAA67496:0.0165320)Hu:
0.0007070,Hu_ABI20836:0.0202600)Hu:0.0200270,((((((((((((Hu_ABJ16696:0.0150400,
Hu_ABB02813:0.0025090)Hu:0.0097690,Hu_ABB53750:0.0233040)Hu:0.0023600,Hu_ABC42760:
0.0261240)Hu:0.0101370,Hu_ABD63073:0.0048690)Hu:0.0159550,(Hu_ABD94986:
0.0131700,Hu_ABD95063:0.0261120)Hu:0.0066760)Hu:0.0130810,(Hu_ABD59806:
0.0107040,Hu_AAF99674:0.0080390)Hu:0.0040310)Hu:0.0025750,Hu_ABI93038:0.0054290)
Hu:0.0264890,((Hu_ABB51965:0.0215060,Hu_AAL60435:0.0110930)Hu:0.0058630,
(Hu_ABC86247:0.0305140,Hu_AAF99675:0.0174750)Hu:0.0198460)Hu:0.0201420)
Hu:0.0610420,Hu_ABI30388:0.0212780)Hu:0.0025950,(Hu_ABM22256:0.0123390,
Hu_ABF21232:0.0037970)Hu:0.0414780)Hu:0.0014790,((Hu_ABG88343:0.0080820,
Hu_ABG88354:0.0039470)Hu:0.0149510,Hu_ABI92312:0.0177410)Hu:0.0186790)Hu:
0.0371300,Hu_ABN59444:0.0013070)Hu:0.0485490)Hu:0.0159370,Hu_ABD79111:0.0386260)
Hu:0.0005180,Hu_ABD62852:0.0192590)Hu:0.0478130,(Hu_CAA23855:0.0117870,
Hu_AAM75155:0.0121550)Hu:0.0328490)Hu:0.0090700,((Hu_AAA43611:0.0306940,
Hu_ABD77806:0.0054170)Hu:0.0291650,Hu_ABD62791:0.0266700)Hu:0.0141330)Hu:
0.0755300,Hu_ABA55038:0.0360150)Hu:0.1482120)Av_HS:0.1609170,Av_ABF69265:
0.6605960);
